2020-02-18 20:49:39,262 - root - INFO - spider.py - line:28 - [Download success: 5292005]
2020-02-18 20:49:39,265 - root - INFO - spider.py - line:35 - [Analyze success: 5292005]
2020-02-18 20:49:39,266 - root - INFO - spider.py - line:42 - [Store success: 5292005]
2020-02-18 20:49:39,266 - root - INFO - spider.py - line:119 - [Spider success: 5292005]
2020-02-18 20:54:30,285 - root - INFO - spider.py - line:28 - [Download success: 5292005]
2020-02-18 20:54:30,290 - root - INFO - spider.py - line:35 - [Analyze success: 5292005]
2020-02-18 20:54:30,291 - root - INFO - spider.py - line:42 - [Store success: 5292005]
2020-02-18 20:54:30,291 - root - INFO - spider.py - line:119 - [Spider success: 5292005]
2020-02-18 20:56:05,309 - root - INFO - spider.py - line:28 - [Download success: 5292005]
2020-02-18 20:56:05,313 - root - INFO - spider.py - line:35 - [Analyze success: 5292005]
2020-02-18 20:56:05,313 - root - INFO - spider.py - line:42 - [Store success: 5292005]
2020-02-18 20:56:05,313 - root - INFO - spider.py - line:119 - [Spider success: 5292005]
2020-02-18 20:59:59,018 - root - INFO - spider.py - line:28 - [Download success: 5292005]
2020-02-18 21:00:01,467 - root - WARNING - spider.py - line:33 - [Analyze fail: 5292005]
2020-02-18 21:00:01,467 - root - WARNING - spider.py - line:121 - [Spider fail: 5292005]
2020-02-18 21:00:34,115 - root - INFO - spider.py - line:28 - [Download success: 5292005]
2020-02-18 21:00:34,120 - root - INFO - spider.py - line:35 - [Analyze success: 5292005]
2020-02-18 21:00:34,121 - root - INFO - spider.py - line:42 - [Store success: 5292005]
2020-02-18 21:00:34,121 - root - INFO - spider.py - line:119 - [Spider success: 5292005]
2020-02-18 21:00:56,020 - root - INFO - spider.py - line:28 - [Download success: 5292004]
2020-02-18 21:00:56,024 - root - INFO - spider.py - line:35 - [Analyze success: 5292004]
2020-02-18 21:00:56,024 - root - INFO - spider.py - line:42 - [Store success: 5292004]
2020-02-18 21:00:56,024 - root - INFO - spider.py - line:119 - [Spider success: 5292004]
